#
# There is insufficient memory for the Java Runtime Environment to continue.
# Native memory allocation (malloc) failed to allocate 32744 bytes for ChunkPool::allocate
# Possible reasons:
#   The system is out of physical RAM or swap space
#   The process is running with CompressedOops enabled, and the Java Heap may be blocking the growth of the native heap
# Possible solutions:
#   Reduce memory load on the system
#   Increase physical memory or swap space
#   Check if swap backing store is full
#   Decrease Java heap size (-Xmx/-Xms)
#   Decrease number of Java threads
#   Decrease Java thread stack sizes (-Xss)
#   Set larger code cache with -XX:ReservedCodeCacheSize=
#   JVM is running with Zero Based Compressed Oops mode in which the Java heap is
#     placed in the first 32GB address space. The Java Heap base address is the
#     maximum limit for the native heap growth. Please use -XX:HeapBaseMinAddress
#     to set the Java Heap base and to place the Java Heap above 32GB virtual address.
# This output file may be truncated or incomplete.
#
#  Out of Memory Error (allocation.cpp:272), pid=7204, tid=0x0000000000003070
#
# JRE version: Java(TM) SE Runtime Environment (8.0_261-b12) (build 1.8.0_261-b12)
# Java VM: Java HotSpot(TM) 64-Bit Server VM (25.261-b12 mixed mode windows-amd64 compressed oops)
# Failed to write core dump. Minidumps are not enabled by default on client versions of Windows
#

---------------  T H R E A D  ---------------

Current thread (0x0000019426370800):  JavaThread "C1 CompilerThread3" daemon [_thread_in_native, id=12400, stack(0x00000085fd500000,0x00000085fd600000)]

Stack: [0x00000085fd500000,0x00000085fd600000]
Native frames: (J=compiled Java code, j=interpreted, Vv=VM code, C=native code)
V  [jvm.dll+0x33e5f9]
V  [jvm.dll+0x2850e2]
V  [jvm.dll+0x285d8d]
V  [jvm.dll+0x27c895]
V  [jvm.dll+0xe520d]
V  [jvm.dll+0xe556c]
V  [jvm.dll+0x3ec594]
V  [jvm.dll+0x3f80a5]
V  [jvm.dll+0x3fa660]
V  [jvm.dll+0x3f894c]
V  [jvm.dll+0x4014ec]
V  [jvm.dll+0x400aac]
V  [jvm.dll+0x3f81d5]
V  [jvm.dll+0x3fa660]
V  [jvm.dll+0x3f8a44]
V  [jvm.dll+0x3f29e6]
V  [jvm.dll+0x40562c]
V  [jvm.dll+0x4053a2]
V  [jvm.dll+0x3ef408]
V  [jvm.dll+0x3ef72e]
V  [jvm.dll+0x3ef99e]
V  [jvm.dll+0x3ef0f1]
V  [jvm.dll+0x3f0b2f]
V  [jvm.dll+0xbbbcb]
V  [jvm.dll+0xba22b]
V  [jvm.dll+0x24d962]
V  [jvm.dll+0x2a1cfc]
C  [ucrtbase.dll+0x21bb2]
C  [KERNEL32.DLL+0x17034]
C  [ntdll.dll+0x52651]


Current CompileTask:
C1:   6484 3575       3       com.sun.javafx.sg.prism.NGRegion::renderBorderRectangle (2674 bytes)


---------------  P R O C E S S  ---------------

Java Threads: ( => current thread )
  0x000001942c8e4800 JavaThread "Prism Font Disposer" daemon [_thread_blocked, id=18780, stack(0x00000085fe800000,0x00000085fe900000)]
  0x0000019426a40000 JavaThread "JavaFX-Launcher" [_thread_blocked, id=18932, stack(0x00000085fe600000,0x00000085fe700000)]
  0x0000019426a47800 JavaThread "Thread-2" daemon [_thread_in_native, id=1508, stack(0x00000085fe500000,0x00000085fe600000)]
  0x000001942680d000 JavaThread "JavaFX Application Thread" [_thread_in_native, id=10712, stack(0x00000085fdc00000,0x00000085fdd00000)]
  0x0000019426807000 JavaThread "Thread-1" daemon [_thread_blocked, id=14656, stack(0x00000085fdb00000,0x00000085fdc00000)]
  0x0000019426720000 JavaThread "QuantumRenderer-0" daemon [_thread_blocked, id=19700, stack(0x00000085fd800000,0x00000085fd900000)]
  0x0000019426413000 JavaThread "Service Thread" daemon [_thread_blocked, id=19812, stack(0x00000085fd600000,0x00000085fd700000)]
=>0x0000019426370800 JavaThread "C1 CompilerThread3" daemon [_thread_in_native, id=12400, stack(0x00000085fd500000,0x00000085fd600000)]
  0x000001942636f800 JavaThread "C2 CompilerThread2" daemon [_thread_in_native, id=8312, stack(0x00000085fd400000,0x00000085fd500000)]
  0x000001942636d000 JavaThread "C2 CompilerThread1" daemon [_thread_in_native, id=20336, stack(0x00000085fd300000,0x00000085fd400000)]
  0x0000019426368000 JavaThread "C2 CompilerThread0" daemon [_thread_blocked, id=20144, stack(0x00000085fd200000,0x00000085fd300000)]
  0x0000019426366800 JavaThread "Monitor Ctrl-Break" daemon [_thread_in_native, id=15772, stack(0x00000085fd100000,0x00000085fd200000)]
  0x0000019423ebf800 JavaThread "Attach Listener" daemon [_thread_blocked, id=19844, stack(0x00000085fd000000,0x00000085fd100000)]
  0x0000019426252800 JavaThread "Signal Dispatcher" daemon [_thread_blocked, id=20100, stack(0x00000085fcf00000,0x00000085fd000000)]
  0x0000019423e7c000 JavaThread "Finalizer" daemon [_thread_blocked, id=10204, stack(0x00000085fce00000,0x00000085fcf00000)]
  0x0000019423e72800 JavaThread "Reference Handler" daemon [_thread_blocked, id=956, stack(0x00000085fcd00000,0x00000085fce00000)]
  0x0000019409505800 JavaThread "main" [_thread_blocked, id=9840, stack(0x00000085fc100000,0x00000085fc200000)]

Other Threads:
  0x0000019423e48000 VMThread [stack: 0x00000085fcc00000,0x00000085fcd00000] [id=15476]
  0x000001942641c000 WatcherThread [stack: 0x00000085fd700000,0x00000085fd800000] [id=808]

VM state:not at safepoint (normal execution)

VM Mutex/Monitor currently owned by a thread: None

heap address: 0x00000006ca200000, size: 3934 MB, Compressed Oops mode: Zero based, Oop shift amount: 3
Narrow klass base: 0x0000000000000000, Narrow klass shift: 3
Compressed class space size: 1073741824 Address: 0x00000007c0000000

Heap:
 PSYoungGen      total 73728K, used 15252K [0x000000076e100000, 0x0000000777100000, 0x00000007c0000000)
  eden space 63488K, 24% used [0x000000076e100000,0x000000076efe53b8,0x0000000771f00000)
  from space 10240K, 0% used [0x0000000772900000,0x0000000772900000,0x0000000773300000)
  to   space 10240K, 0% used [0x0000000771f00000,0x0000000771f00000,0x0000000772900000)
 ParOldGen       total 99840K, used 10505K [0x00000006ca200000, 0x00000006d0380000, 0x000000076e100000)
  object space 99840K, 10% used [0x00000006ca200000,0x00000006cac426c0,0x00000006d0380000)
 Metaspace       used 21739K, capacity 23196K, committed 23424K, reserved 1069056K
  class space    used 3097K, capacity 3375K, committed 3456K, reserved 1048576K

Card table byte_map: [0x000001941a470000,0x000001941ac20000] byte_map_base: 0x0000019416e1f000

Marking Bits: (ParMarkBitMap*) 0x0000000056084fb0
 Begin Bits: [0x000001941b140000, 0x000001941eeb8000)
 End Bits:   [0x000001941eeb8000, 0x0000019422c30000)

Polling page: 0x00000194097d0000

CodeCache: size=245760Kb used=11487Kb max_used=11493Kb free=234272Kb
 bounds [0x000001940b0b0000, 0x000001940bbf0000, 0x000001941a0b0000]
 total_blobs=4247 nmethods=3569 adapters=591
 compilation: enabled

Compilation events (10 events):
Event: 6.452 Thread 0x0000019426370800 nmethod 3568 0x000001940bbeb090 code [0x000001940bbeb240, 0x000001940bbeb770]
Event: 6.452 Thread 0x0000019426368000 3569       4       com.sun.prism.d3d.D3DContext::validate (58 bytes)
Event: 6.453 Thread 0x0000019426368000 nmethod 3569 0x000001940b330bd0 code [0x000001940b330d00, 0x000001940b330d38]
Event: 6.453 Thread 0x0000019426370800 3570       3       com.sun.javafx.sg.prism.NGNode::needsBlending (22 bytes)
Event: 6.453 Thread 0x0000019426370800 nmethod 3570 0x000001940bbee090 code [0x000001940bbee200, 0x000001940bbee498]
Event: 6.453 Thread 0x0000019426370800 3571       1       com.sun.javafx.sg.prism.RegionImageCache::getBackingStore (5 bytes)
Event: 6.453 Thread 0x0000019426370800 nmethod 3571 0x000001940bbeddd0 code [0x000001940bbedf20, 0x000001940bbee038]
Event: 6.453 Thread 0x0000019426370800 3572       3       com.sun.prism.d3d.D3DRTTexture::createGraphics (9 bytes)
Event: 6.454 Thread 0x0000019426370800 nmethod 3572 0x000001940bbed110 code [0x000001940bbed2c0, 0x000001940bbedaa0]
Event: 6.454 Thread 0x0000019426370800 3575       3       com.sun.javafx.sg.prism.NGRegion::renderBorderRectangle (2674 bytes)

GC Heap History (6 events):
Event: 1.802 GC heap before
{Heap before GC invocations=1 (full 0):
 PSYoungGen      total 73728K, used 63488K [0x000000076e100000, 0x0000000773300000, 0x00000007c0000000)
  eden space 63488K, 100% used [0x000000076e100000,0x0000000771f00000,0x0000000771f00000)
  from space 10240K, 0% used [0x0000000772900000,0x0000000772900000,0x0000000773300000)
  to   space 10240K, 0% used [0x0000000771f00000,0x0000000771f00000,0x0000000772900000)
 ParOldGen       total 167936K, used 0K [0x00000006ca200000, 0x00000006d4600000, 0x000000076e100000)
  object space 167936K, 0% used [0x00000006ca200000,0x00000006ca200000,0x00000006d4600000)
 Metaspace       used 19662K, capacity 20916K, committed 21120K, reserved 1067008K
  class space    used 2892K, capacity 3133K, committed 3200K, reserved 1048576K
Event: 1.811 GC heap after
Heap after GC invocations=1 (full 0):
 PSYoungGen      total 73728K, used 9484K [0x000000076e100000, 0x0000000773300000, 0x00000007c0000000)
  eden space 63488K, 0% used [0x000000076e100000,0x000000076e100000,0x0000000771f00000)
  from space 10240K, 92% used [0x0000000771f00000,0x0000000772843000,0x0000000772900000)
  to   space 10240K, 0% used [0x0000000772900000,0x0000000772900000,0x0000000773300000)
 ParOldGen       total 167936K, used 107K [0x00000006ca200000, 0x00000006d4600000, 0x000000076e100000)
  object space 167936K, 0% used [0x00000006ca200000,0x00000006ca21ac40,0x00000006d4600000)
 Metaspace       used 19662K, capacity 20916K, committed 21120K, reserved 1067008K
  class space    used 2892K, capacity 3133K, committed 3200K, reserved 1048576K
}
Event: 1.966 GC heap before
{Heap before GC invocations=2 (full 0):
 PSYoungGen      total 73728K, used 15589K [0x000000076e100000, 0x0000000773300000, 0x00000007c0000000)
  eden space 63488K, 9% used [0x000000076e100000,0x000000076e6f65b8,0x0000000771f00000)
  from space 10240K, 92% used [0x0000000771f00000,0x0000000772843000,0x0000000772900000)
  to   space 10240K, 0% used [0x0000000772900000,0x0000000772900000,0x0000000773300000)
 ParOldGen       total 167936K, used 107K [0x00000006ca200000, 0x00000006d4600000, 0x000000076e100000)
  object space 167936K, 0% used [0x00000006ca200000,0x00000006ca21ac40,0x00000006d4600000)
 Metaspace       used 20006K, capacity 21236K, committed 21296K, reserved 1067008K
  class space    used 2916K, capacity 3173K, committed 3200K, reserved 1048576K
Event: 1.975 GC heap after
Heap after GC invocations=2 (full 0):
 PSYoungGen      total 73728K, used 10222K [0x000000076e100000, 0x0000000777100000, 0x00000007c0000000)
  eden space 63488K, 0% used [0x000000076e100000,0x000000076e100000,0x0000000771f00000)
  from space 10240K, 99% used [0x0000000772900000,0x00000007732fb990,0x0000000773300000)
  to   space 10240K, 0% used [0x0000000771f00000,0x0000000771f00000,0x0000000772900000)
 ParOldGen       total 167936K, used 455K [0x00000006ca200000, 0x00000006d4600000, 0x000000076e100000)
  object space 167936K, 0% used [0x00000006ca200000,0x00000006ca271d80,0x00000006d4600000)
 Metaspace       used 20006K, capacity 21236K, committed 21296K, reserved 1067008K
  class space    used 2916K, capacity 3173K, committed 3200K, reserved 1048576K
}
Event: 1.975 GC heap before
{Heap before GC invocations=3 (full 1):
 PSYoungGen      total 73728K, used 10222K [0x000000076e100000, 0x0000000777100000, 0x00000007c0000000)
  eden space 63488K, 0% used [0x000000076e100000,0x000000076e100000,0x0000000771f00000)
  from space 10240K, 99% used [0x0000000772900000,0x00000007732fb990,0x0000000773300000)
  to   space 10240K, 0% used [0x0000000771f00000,0x0000000771f00000,0x0000000772900000)
 ParOldGen       total 167936K, used 455K [0x00000006ca200000, 0x00000006d4600000, 0x000000076e100000)
  object space 167936K, 0% used [0x00000006ca200000,0x00000006ca271d80,0x00000006d4600000)
 Metaspace       used 20006K, capacity 21236K, committed 21296K, reserved 1067008K
  class space    used 2916K, capacity 3173K, committed 3200K, reserved 1048576K
Event: 2.008 GC heap after
Heap after GC invocations=3 (full 1):
 PSYoungGen      total 73728K, used 0K [0x000000076e100000, 0x0000000777100000, 0x00000007c0000000)
  eden space 63488K, 0% used [0x000000076e100000,0x000000076e100000,0x0000000771f00000)
  from space 10240K, 0% used [0x0000000772900000,0x0000000772900000,0x0000000773300000)
  to   space 10240K, 0% used [0x0000000771f00000,0x0000000771f00000,0x0000000772900000)
 ParOldGen       total 99840K, used 10505K [0x00000006ca200000, 0x00000006d0380000, 0x000000076e100000)
  object space 99840K, 10% used [0x00000006ca200000,0x00000006cac426c0,0x00000006d0380000)
 Metaspace       used 20006K, capacity 21236K, committed 21296K, reserved 1067008K
  class space    used 2916K, capacity 3173K, committed 3200K, reserved 1048576K
}

Deoptimization events (10 events):
Event: 3.388 Thread 0x000001942680d000 Uncommon trap: reason=class_check action=maybe_recompile pc=0x000001940b901370 method=javafx.scene.Node.updateLocalToParentTransform()V @ 11
Event: 3.388 Thread 0x000001942680d000 Uncommon trap: reason=class_check action=maybe_recompile pc=0x000001940b901370 method=javafx.scene.Node.updateLocalToParentTransform()V @ 11
Event: 3.393 Thread 0x000001942680d000 Uncommon trap: reason=class_check action=maybe_recompile pc=0x000001940ba43a2c method=javafx.scene.Node$MiscProperties.getEffect()Ljavafx/scene/effect/Effect; @ 20
Event: 3.393 Thread 0x000001942680d000 Uncommon trap: reason=class_check action=maybe_recompile pc=0x000001940ba43a2c method=javafx.scene.Node$MiscProperties.getEffect()Ljavafx/scene/effect/Effect; @ 20
Event: 3.393 Thread 0x000001942680d000 Uncommon trap: reason=class_check action=maybe_recompile pc=0x000001940ba43a2c method=javafx.scene.Node$MiscProperties.getEffect()Ljavafx/scene/effect/Effect; @ 20
Event: 3.393 Thread 0x000001942680d000 Uncommon trap: reason=class_check action=maybe_recompile pc=0x000001940ba4471c method=javafx.scene.Node$MiscProperties.getEffect()Ljavafx/scene/effect/Effect; @ 20
Event: 3.427 Thread 0x000001942680d000 Uncommon trap: reason=unstable_if action=reinterpret pc=0x000001940b9b52f4 method=javafx.scene.Node$MiscProperties.isMouseTransparent()Z @ 4
Event: 3.478 Thread 0x000001942680d000 Uncommon trap: reason=unstable_if action=reinterpret pc=0x000001940ba15f80 method=javafx.scene.CssStyleHelper.resolveRef(Ljavafx/css/Styleable;Ljava/lang/String;Lcom/sun/javafx/css/StyleMap;Ljava/util/Set;)Lcom/sun/javafx/css/CascadingStyle; @ 66
Event: 4.433 Thread 0x000001942680d000 Uncommon trap: reason=unstable_if action=reinterpret pc=0x000001940b9c6c7c method=javafx.scene.Node.impl_intersectsBounds(Lcom/sun/javafx/geom/PickRay;)D @ 131
Event: 6.148 Thread 0x000001942680d000 Uncommon trap: reason=class_check action=maybe_recompile pc=0x000001940bba5398 method=com.sun.javafx.event.CompositeEventHandler.dispatchBubblingEvent(Ljavafx/event/Event;)V @ 51

Classes redefined (0 events):
No events

Internal exceptions (10 events):
Event: 0.796 Thread 0x000001942680d000 Exception <a 'java/lang/ArrayIndexOutOfBoundsException'> (0x000000076fc5a498) thrown at [C:\jenkins\workspace\8-2-build-windows-amd64-cygwin\jdk8u261\295\hotspot\src\share\vm\runtime\sharedRuntime.cpp, line 605]
Event: 0.875 Thread 0x000001942680d000 Implicit null exception at 0x000001940b39e7f5 to 0x000001940b39ea25
Event: 0.951 Thread 0x000001942680d000 Exception <a 'java/lang/ArrayIndexOutOfBoundsException'> (0x00000007701dfb80) thrown at [C:\jenkins\workspace\8-2-build-windows-amd64-cygwin\jdk8u261\295\hotspot\src\share\vm\runtime\sharedRuntime.cpp, line 605]
Event: 0.992 Thread 0x000001942680d000 Exception <a 'java/lang/ArrayIndexOutOfBoundsException'> (0x00000007704cddd0) thrown at [C:\jenkins\workspace\8-2-build-windows-amd64-cygwin\jdk8u261\295\hotspot\src\share\vm\runtime\sharedRuntime.cpp, line 605]
Event: 0.992 Thread 0x000001942680d000 Exception <a 'java/lang/ArrayIndexOutOfBoundsException'> (0x00000007704cebe8) thrown at [C:\jenkins\workspace\8-2-build-windows-amd64-cygwin\jdk8u261\295\hotspot\src\share\vm\runtime\sharedRuntime.cpp, line 605]
Event: 0.992 Thread 0x000001942680d000 Exception <a 'java/lang/ArrayIndexOutOfBoundsException'> (0x00000007704d1350) thrown at [C:\jenkins\workspace\8-2-build-windows-amd64-cygwin\jdk8u261\295\hotspot\src\share\vm\runtime\sharedRuntime.cpp, line 605]
Event: 1.070 Thread 0x000001942680d000 Exception <a 'java/lang/ArrayIndexOutOfBoundsException': 70> (0x00000007706bbf88) thrown at [C:\jenkins\workspace\8-2-build-windows-amd64-cygwin\jdk8u261\295\hotspot\src\share\vm\interpreter\interpreterRuntime.cpp, line 368]
Event: 1.677 Thread 0x000001942680d000 Implicit null exception at 0x000001940b68f39a to 0x000001940b69016d
Event: 3.360 Thread 0x000001942680d000 Implicit null exception at 0x000001940b989b94 to 0x000001940b98fbf5
Event: 3.382 Thread 0x000001942680d000 Implicit null exception at 0x000001940b9af048 to 0x000001940b9af88d

Events (10 events):
Event: 6.148 Thread 0x000001942680d000 DEOPT PACKING pc=0x000001940bba5398 sp=0x00000085fdcfcea0
Event: 6.148 Thread 0x000001942680d000 DEOPT UNPACKING pc=0x000001940b0f5843 sp=0x00000085fdcfcdd8 mode 2
Event: 6.449 loading class com/sun/glass/ui/ClipboardAssistance
Event: 6.449 loading class com/sun/glass/ui/ClipboardAssistance done
Event: 6.450 loading class com/sun/javafx/tk/quantum/GlassViewEventHandler
Event: 6.450 loading class com/sun/javafx/tk/quantum/GlassViewEventHandler done
Event: 6.451 loading class com/sun/glass/ui/ClipboardAssistance
Event: 6.451 loading class com/sun/glass/ui/ClipboardAssistance done
Event: 6.451 loading class com/sun/javafx/tk/quantum/GlassSceneDnDEventHandler
Event: 6.451 loading class com/sun/javafx/tk/quantum/GlassSceneDnDEventHandler done


Dynamic libraries:
0x00007ff695800000 - 0x00007ff695847000 	E:\java1.8\bin\java.exe
0x00007ffce4130000 - 0x00007ffce4325000 	C:\WINDOWS\SYSTEM32\ntdll.dll
0x00007ffce2910000 - 0x00007ffce29cd000 	C:\WINDOWS\System32\KERNEL32.DLL
0x00007ffce1d00000 - 0x00007ffce1fc9000 	C:\WINDOWS\System32\KERNELBASE.dll
0x00007ffce39e0000 - 0x00007ffce3a8c000 	C:\WINDOWS\System32\ADVAPI32.dll
0x00007ffce3eb0000 - 0x00007ffce3f4e000 	C:\WINDOWS\System32\msvcrt.dll
0x00007ffce2500000 - 0x00007ffce259c000 	C:\WINDOWS\System32\sechost.dll
0x00007ffce3660000 - 0x00007ffce378b000 	C:\WINDOWS\System32\RPCRT4.dll
0x00007ffce3b10000 - 0x00007ffce3cb0000 	C:\WINDOWS\System32\USER32.dll
0x00007ffce2060000 - 0x00007ffce2082000 	C:\WINDOWS\System32\win32u.dll
0x00007ffce4030000 - 0x00007ffce405a000 	C:\WINDOWS\System32\GDI32.dll
0x00007ffce1870000 - 0x00007ffce197b000 	C:\WINDOWS\System32\gdi32full.dll
0x00007ffce1ab0000 - 0x00007ffce1b4d000 	C:\WINDOWS\System32\msvcp_win.dll
0x00007ffce2090000 - 0x00007ffce2190000 	C:\WINDOWS\System32\ucrtbase.dll
0x00007ffccdc30000 - 0x00007ffccdeca000 	C:\WINDOWS\WinSxS\amd64_microsoft.windows.common-controls_6595b64144ccf1df_6.0.19041.844_none_ca00b6081b84eb1d\COMCTL32.dll
0x00007ffce26d0000 - 0x00007ffce2700000 	C:\WINDOWS\System32\IMM32.DLL
0x00007ffcd73b0000 - 0x00007ffcd73c5000 	E:\java1.8\jre\bin\vcruntime140.dll
0x00007ffccd840000 - 0x00007ffccd8db000 	E:\java1.8\jre\bin\msvcp140.dll
0x0000000055890000 - 0x00000000560fc000 	E:\java1.8\jre\bin\server\jvm.dll
0x00007ffce3f50000 - 0x00007ffce3f58000 	C:\WINDOWS\System32\PSAPI.DLL
0x00007ffcced70000 - 0x00007ffcced79000 	C:\WINDOWS\SYSTEM32\WSOCK32.dll
0x00007ffcdb190000 - 0x00007ffcdb19a000 	C:\WINDOWS\SYSTEM32\VERSION.dll
0x00007ffcdb160000 - 0x00007ffcdb187000 	C:\WINDOWS\SYSTEM32\WINMM.dll
0x00007ffce2a30000 - 0x00007ffce2a9b000 	C:\WINDOWS\System32\WS2_32.dll
0x00007ffce0180000 - 0x00007ffce0192000 	C:\WINDOWS\SYSTEM32\kernel.appcore.dll
0x00007ffcd7a60000 - 0x00007ffcd7a70000 	E:\java1.8\jre\bin\verify.dll
0x00007ffcd30b0000 - 0x00007ffcd30db000 	E:\java1.8\jre\bin\java.dll
0x00007ffcd7570000 - 0x00007ffcd75a2000 	E:\java1.8\jre\bin\instrument.dll
0x00007ffcd6170000 - 0x00007ffcd6188000 	E:\java1.8\jre\bin\zip.dll
0x00007ffce2f10000 - 0x00007ffce3652000 	C:\WINDOWS\System32\SHELL32.dll
0x00007ffcdf660000 - 0x00007ffcdfdf0000 	C:\WINDOWS\SYSTEM32\windows.storage.dll
0x00007ffce21a0000 - 0x00007ffce24f5000 	C:\WINDOWS\System32\combase.dll
0x00007ffce12e0000 - 0x00007ffce130c000 	C:\WINDOWS\SYSTEM32\Wldp.dll
0x00007ffce25c0000 - 0x00007ffce266e000 	C:\WINDOWS\System32\SHCORE.dll
0x00007ffce3840000 - 0x00007ffce3895000 	C:\WINDOWS\System32\shlwapi.dll
0x00007ffce17b0000 - 0x00007ffce17cf000 	C:\WINDOWS\SYSTEM32\profapi.dll
0x00007ffcdbd10000 - 0x00007ffcdbd2a000 	D:\idea\ideaIU-2019.2.2.win\bin\breakgen64.dll
0x00007ffcd54b0000 - 0x00007ffcd54cc000 	E:\java1.8\jre\bin\net.dll
0x00007ffce1060000 - 0x00007ffce10ca000 	C:\WINDOWS\system32\mswsock.dll
0x00000194098d0000 - 0x00000194098d3000 	E:\java1.8\jre\bin\api-ms-win-core-console-l1-1-0.dll
0x00000194098e0000 - 0x00000194098e3000 	E:\java1.8\jre\bin\api-ms-win-core-datetime-l1-1-0.dll
0x00000194098f0000 - 0x00000194098f3000 	E:\java1.8\jre\bin\api-ms-win-core-debug-l1-1-0.dll
0x0000019426e10000 - 0x0000019426e13000 	E:\java1.8\jre\bin\api-ms-win-core-errorhandling-l1-1-0.dll
0x0000019426e20000 - 0x0000019426e24000 	E:\java1.8\jre\bin\api-ms-win-core-file-l1-1-0.dll
0x0000019426e30000 - 0x0000019426e33000 	E:\java1.8\jre\bin\api-ms-win-core-file-l1-2-0.dll
0x0000019426e40000 - 0x0000019426e43000 	E:\java1.8\jre\bin\api-ms-win-core-file-l2-1-0.dll
0x0000019426e50000 - 0x0000019426e53000 	E:\java1.8\jre\bin\api-ms-win-core-handle-l1-1-0.dll
0x0000019426e60000 - 0x0000019426e63000 	E:\java1.8\jre\bin\api-ms-win-core-heap-l1-1-0.dll
0x0000019426e70000 - 0x0000019426e73000 	E:\java1.8\jre\bin\api-ms-win-core-interlocked-l1-1-0.dll
0x0000019426e80000 - 0x0000019426e83000 	E:\java1.8\jre\bin\api-ms-win-core-libraryloader-l1-1-0.dll
0x0000019426e90000 - 0x0000019426e93000 	E:\java1.8\jre\bin\api-ms-win-core-localization-l1-2-0.dll
0x0000019426ea0000 - 0x0000019426ea3000 	E:\java1.8\jre\bin\api-ms-win-core-memory-l1-1-0.dll
0x0000019426eb0000 - 0x0000019426eb3000 	E:\java1.8\jre\bin\api-ms-win-core-namedpipe-l1-1-0.dll
0x0000019426ec0000 - 0x0000019426ec3000 	E:\java1.8\jre\bin\api-ms-win-core-processenvironment-l1-1-0.dll
0x0000019426ed0000 - 0x0000019426ed3000 	E:\java1.8\jre\bin\api-ms-win-core-processthreads-l1-1-0.dll
0x0000019426ee0000 - 0x0000019426ee3000 	E:\java1.8\jre\bin\api-ms-win-core-processthreads-l1-1-1.dll
0x0000019426ef0000 - 0x0000019426ef3000 	E:\java1.8\jre\bin\api-ms-win-core-profile-l1-1-0.dll
0x0000019426f00000 - 0x0000019426f03000 	E:\java1.8\jre\bin\api-ms-win-core-rtlsupport-l1-1-0.dll
0x0000019426f10000 - 0x0000019426f13000 	E:\java1.8\jre\bin\api-ms-win-core-string-l1-1-0.dll
0x0000019426f20000 - 0x0000019426f23000 	E:\java1.8\jre\bin\api-ms-win-core-synch-l1-1-0.dll
0x0000019426f30000 - 0x0000019426f33000 	E:\java1.8\jre\bin\api-ms-win-core-synch-l1-2-0.dll
0x0000019426f40000 - 0x0000019426f43000 	E:\java1.8\jre\bin\api-ms-win-core-sysinfo-l1-1-0.dll
0x0000019426f50000 - 0x0000019426f53000 	E:\java1.8\jre\bin\api-ms-win-core-timezone-l1-1-0.dll
0x0000019426f60000 - 0x0000019426f63000 	E:\java1.8\jre\bin\api-ms-win-core-util-l1-1-0.dll
0x0000019426f70000 - 0x0000019426f73000 	E:\java1.8\jre\bin\api-ms-win-crt-conio-l1-1-0.dll
0x0000019426f80000 - 0x0000019426f84000 	E:\java1.8\jre\bin\api-ms-win-crt-convert-l1-1-0.dll
0x0000019426f90000 - 0x0000019426f93000 	E:\java1.8\jre\bin\api-ms-win-crt-environment-l1-1-0.dll
0x0000019426fa0000 - 0x0000019426fa3000 	E:\java1.8\jre\bin\api-ms-win-crt-filesystem-l1-1-0.dll
0x0000019426fb0000 - 0x0000019426fb3000 	E:\java1.8\jre\bin\api-ms-win-crt-heap-l1-1-0.dll
0x0000019426fc0000 - 0x0000019426fc3000 	E:\java1.8\jre\bin\api-ms-win-crt-locale-l1-1-0.dll
0x0000019426fd0000 - 0x0000019426fd5000 	E:\java1.8\jre\bin\api-ms-win-crt-math-l1-1-0.dll
0x0000019426fe0000 - 0x0000019426fe5000 	E:\java1.8\jre\bin\api-ms-win-crt-multibyte-l1-1-0.dll
0x0000019426ff0000 - 0x0000019427000000 	E:\java1.8\jre\bin\api-ms-win-crt-private-l1-1-0.dll
0x0000019427000000 - 0x0000019427003000 	E:\java1.8\jre\bin\api-ms-win-crt-process-l1-1-0.dll
0x0000019427010000 - 0x0000019427014000 	E:\java1.8\jre\bin\api-ms-win-crt-runtime-l1-1-0.dll
0x0000019427020000 - 0x0000019427024000 	E:\java1.8\jre\bin\api-ms-win-crt-stdio-l1-1-0.dll
0x0000019427030000 - 0x0000019427034000 	E:\java1.8\jre\bin\api-ms-win-crt-string-l1-1-0.dll
0x0000019427040000 - 0x0000019427043000 	E:\java1.8\jre\bin\api-ms-win-crt-time-l1-1-0.dll
0x0000019427050000 - 0x0000019427053000 	E:\java1.8\jre\bin\api-ms-win-crt-utility-l1-1-0.dll
0x00007ffcc3990000 - 0x00007ffcc3a8c000 	E:\java1.8\jre\bin\ucrtbase.dll
0x00007ffcd74a0000 - 0x00007ffcd74f1000 	E:\java1.8\jre\bin\concrt140.dll
0x00007ffcd7540000 - 0x00007ffcd7563000 	E:\java1.8\jre\bin\prism_d3d.dll
0x00007ffcae390000 - 0x00007ffcae55f000 	C:\WINDOWS\system32\d3d9.dll
0x00007ffcdf140000 - 0x00007ffcdf16f000 	C:\WINDOWS\SYSTEM32\dwmapi.dll
0x00007ffcdefe0000 - 0x00007ffcdf07e000 	C:\WINDOWS\system32\uxtheme.dll
0x00007ffcdb1a0000 - 0x00007ffcdb37b000 	C:\WINDOWS\System32\DriverStore\FileRepository\u0361613.inf_amd64_20005cad3ede6be8\B361368\aticfx64.dll
0x00007ffcd7460000 - 0x00007ffcd7493000 	C:\WINDOWS\System32\DriverStore\FileRepository\u0361613.inf_amd64_20005cad3ede6be8\B361368\atiu9p64.dll
0x00007ffcb4ae0000 - 0x00007ffcb5776000 	C:\WINDOWS\System32\DriverStore\FileRepository\u0361613.inf_amd64_20005cad3ede6be8\B361368\atiumd64.dll
0x00007ffce38b0000 - 0x00007ffce39da000 	C:\WINDOWS\System32\ole32.dll
0x00007ffcdfec0000 - 0x00007ffce00a4000 	C:\WINDOWS\SYSTEM32\dbghelp.dll
0x00007ffcd96e0000 - 0x00007ffcd970c000 	C:\WINDOWS\SYSTEM32\dbgcore.DLL
0x0000000056100000 - 0x0000000056f7e000 	C:\WINDOWS\System32\DriverStore\FileRepository\u0361613.inf_amd64_20005cad3ede6be8\B361368\atiumd6a.dll
0x00007ffce1fd0000 - 0x00007ffce1ff7000 	C:\WINDOWS\System32\bcrypt.dll
0x00007ffce0e20000 - 0x00007ffce0e6b000 	C:\WINDOWS\SYSTEM32\POWRPROF.dll
0x00007ffce0ce0000 - 0x00007ffce0cf2000 	C:\WINDOWS\SYSTEM32\UMPDC.dll
0x00007ffce1980000 - 0x00007ffce1a00000 	C:\WINDOWS\System32\bcryptprimitives.dll
0x00007ffcd97f0000 - 0x00007ffcd981f000 	C:\WINDOWS\SYSTEM32\amdihk64.dll
0x00007ffcd5cb0000 - 0x00007ffcd5cf5000 	E:\java1.8\jre\bin\glass.dll
0x00007ffce3cb0000 - 0x00007ffce3d8a000 	C:\WINDOWS\System32\COMDLG32.dll
0x00007ffce3f60000 - 0x00007ffce402d000 	C:\WINDOWS\System32\OLEAUT32.dll
0x00007ffce3d90000 - 0x00007ffce3ea5000 	C:\WINDOWS\System32\MSCTF.dll
0x00007ffcdb380000 - 0x00007ffcdb3bb000 	C:\WINDOWS\SYSTEM32\dxcore.dll
0x00007ffce1b50000 - 0x00007ffce1b9e000 	C:\WINDOWS\System32\cfgmgr32.dll
0x00007ffcd9060000 - 0x00007ffcd9074000 	E:\java1.8\jre\bin\javafx_font.dll
0x00007ffcca120000 - 0x00007ffcca39f000 	C:\WINDOWS\SYSTEM32\dwrite.dll
0x00007ffcdeaf0000 - 0x00007ffcdeca4000 	C:\WINDOWS\SYSTEM32\WindowsCodecs.dll
0x00007ffcc9aa0000 - 0x00007ffcc9ade000 	C:\WINDOWS\system32\dataexchange.dll
0x00007ffcddcc0000 - 0x00007ffcddea7000 	C:\WINDOWS\system32\dcomp.dll
0x00007ffcdd8f0000 - 0x00007ffcddb54000 	C:\WINDOWS\system32\d3d11.dll
0x00007ffce01c0000 - 0x00007ffce02b3000 	C:\WINDOWS\system32\dxgi.dll
0x00007ffcdc8c0000 - 0x00007ffcdcac1000 	C:\WINDOWS\system32\twinapi.appcore.dll
0x00007ffcd5c70000 - 0x00007ffcd5ca4000 	C:\Program Files\Common Files\Microsoft Shared\Ink\rtscom.dll
0x00007ffcd6970000 - 0x00007ffcd6a6b000 	C:\WINDOWS\SYSTEM32\textinputframework.dll
0x00007ffcde230000 - 0x00007ffcde58e000 	C:\WINDOWS\System32\CoreUIComponents.dll
0x00007ffcde790000 - 0x00007ffcde882000 	C:\WINDOWS\System32\CoreMessaging.dll
0x00007ffce05c0000 - 0x00007ffce05f3000 	C:\WINDOWS\SYSTEM32\ntmarta.dll
0x00007ffcddb60000 - 0x00007ffcddcb4000 	C:\WINDOWS\SYSTEM32\wintypes.dll
0x00007ffcd7520000 - 0x00007ffcd7532000 	E:\java1.8\jre\bin\prism_common.dll
0x00007ffca92c0000 - 0x00007ffca94af000 	C:\WINDOWS\system32\sogoutsf.ime
0x00007ffcd6160000 - 0x00007ffcd6167000 	C:\WINDOWS\system32\MSIMG32.dll
0x00007ffca4fb0000 - 0x00007ffca584a000 	C:\WINDOWS\system32\SogouPy.ime
0x00007ffcca0b0000 - 0x00007ffcca116000 	C:\WINDOWS\SYSTEM32\OLEACC.dll
0x00007ffcd8ac0000 - 0x00007ffcd8bcc000 	C:\WINDOWS\SYSTEM32\WINHTTP.dll
0x0000000010000000 - 0x000000001011e000 	D:\搜狗\SogouInput\10.1.0.4428\Resource.dll
0x00007ffca8f50000 - 0x00007ffca91b9000 	D:\搜狗\SogouInput\Components\PicFace\1.1.0.1876\PicFace64.dll
0x00007ffcdce20000 - 0x00007ffcdcecc000 	C:\WINDOWS\SYSTEM32\TextShaping.dll

VM Arguments:
jvm_args: -javaagent:D:\idea\ideaIU-2019.2.2.win\lib\idea_rt.jar=61730:D:\idea\ideaIU-2019.2.2.win\bin -Dfile.encoding=UTF-8 
java_command: Gui.GUI
java_class_path (initial): E:\JAVAFX\bin;E:\java1.8\jre\lib\charsets.jar;E:\java1.8\jre\lib\deploy.jar;E:\java1.8\jre\lib\ext\access-bridge-64.jar;E:\java1.8\jre\lib\ext\cldrdata.jar;E:\java1.8\jre\lib\ext\dnsns.jar;E:\java1.8\jre\lib\ext\jaccess.jar;E:\java1.8\jre\lib\ext\jfxrt.jar;E:\java1.8\jre\lib\ext\localedata.jar;E:\java1.8\jre\lib\ext\nashorn.jar;E:\java1.8\jre\lib\ext\sunec.jar;E:\java1.8\jre\lib\ext\sunjce_provider.jar;E:\java1.8\jre\lib\ext\sunmscapi.jar;E:\java1.8\jre\lib\ext\sunpkcs11.jar;E:\java1.8\jre\lib\ext\zipfs.jar;E:\java1.8\jre\lib\javaws.jar;E:\java1.8\jre\lib\jce.jar;E:\java1.8\jre\lib\jfr.jar;E:\java1.8\jre\lib\jfxswt.jar;E:\java1.8\jre\lib\jsse.jar;E:\java1.8\jre\lib\management-agent.jar;E:\java1.8\jre\lib\plugin.jar;E:\java1.8\jre\lib\resources.jar;E:\java1.8\jre\lib\rt.jar;E:\JAVAFX\lib\musique\alacdecoder-1.0.jar;E:\JAVAFX\lib\musique\cuelib-1.2.1.jar;E:\JAVAFX\lib\musique\discogs-0.1.jar;E:\JAVAFX\lib\musique\jaad-0.7.3.jar;E:\JAVAFX\lib\musique\javaFlacEncoder-0.1.jar;E:\JAVAFX\lib\musique\javalayer-1.0.1.jar;E:\JAVAFX\lib\musique\jflac-1.3.jar;E:\JAVAFX\lib\musique\jmac-1.74.jar;E:\JAVAFX\lib\musique\jorbis-0.0.17.jar;E:\JAVAFX\lib\musique\tta-1.0.jar;E:\JAVAFX\lib\musique\vorbis-java-1.0.0-beta.jar;E:\JAVAFX\lib\musique\wavpack-1.1.jar;E:\JAVAFX\lib\dom4j-1.6.1.jar;E:\JAVAFX\lib\jaxen-1.1-beta-6.jar;E:\JAVAFX\lib\JPlayer-lib.jar;E:\JAVAFX\lib\log4j-1.2.8.jar;E:\JAVAFX\lib\musique\jaudiotagger-2.0.4.jar;E:\JAVAFX\lib\myJa.jar;E:\JAVAFX\lib\jxl-2.6.12.jar;E:\JAVAFX\lib\jsoup-1.12.1.jar;D:\idea\ideaIU-2019.2.2.win\lib\idea_rt.jar
Launcher Type: SUN_STANDARD

Environment Variables:
PATH=D:\xftp\;C:\Program Files (x86)\Common Files\Oracle\Java\javapath;C:\WINDOWS\system32;C:\WINDOWS;C:\WINDOWS\System32\Wbem;C:\WINDOWS\System32\WindowsPowerShell\v1.0\;C:\WINDOWS\System32\OpenSSH\;E:\maven\apache-maven-3.6.1\bin;D:\node.js\;E:\ADB;C:\Users\46106\AppData\Local\Microsoft\WindowsApps;D:\Bandizip\;D:\vscode\Microsoft VS Code\bin;C:\Users\46106\AppData\Roaming\npm;
USERNAME=46106
OS=Windows_NT
PROCESSOR_IDENTIFIER=AMD64 Family 23 Model 96 Stepping 1, AuthenticAMD



---------------  S Y S T E M  ---------------

OS: Windows 10.0 , 64 bit Build 19041 (10.0.19041.804)

CPU:total 12 (initial active 12) (12 cores per cpu, 1 threads per core) family 23 model 96 stepping 1, cmov, cx8, fxsr, mmx, sse, sse2, sse3, ssse3, sse4.1, sse4.2, popcnt, avx, avx2, aes, clmul, mmxext, 3dnowpref, lzcnt, sse4a, tsc, tscinvbit, tscinv, bmi1

Memory: 4k page, physical 16112436k(3434568k free), swap 22403892k(712k free)

vm_info: Java HotSpot(TM) 64-Bit Server VM (25.261-b12) for windows-amd64 JRE (1.8.0_261-b12), built on Jun 18 2020 06:56:32 by "" with unknown MS VC++:1916

time: Thu Apr 22 23:01:56 2021
timezone: 中国标准时间
elapsed time: 6 seconds (0d 0h 0m 6s)

